<?xml version="1.0" encoding="UTF-8"?>
<testng-results skipped="0" failed="0" ignored="3" total="4" passed="1">
  <reporter-output>
  </reporter-output>
  <suite name="All Test Suite" duration-ms="6758" started-at="2021-06-18T04:10:05 EDT" finished-at="2021-06-18T04:10:12 EDT">
    <groups>
      <group name="sanity">
        <method signature="LoginTest.adminLogin()[pri:0, instance:testcases.LoginTest@704a52ec]" name="adminLogin" class="testcases.LoginTest"/>
      </group> <!-- sanity -->
    </groups>
    <test name="Regression test" duration-ms="6758" started-at="2021-06-18T04:10:05 EDT" finished-at="2021-06-18T04:10:12 EDT">
      <class name="testcases.LoginTest">
        <test-method status="PASS" signature="setUp()[pri:0, instance:testcases.LoginTest@704a52ec]" name="setUp" is-config="true" duration-ms="4025" started-at="2021-06-18T04:10:05 EDT" finished-at="2021-06-18T04:10:09 EDT">
          <reporter-output>
          </reporter-output>
        </test-method> <!-- setUp -->
        <test-method status="PASS" signature="adminLogin()[pri:0, instance:testcases.LoginTest@704a52ec]" name="adminLogin" duration-ms="2188" started-at="2021-06-18T04:10:09 EDT" finished-at="2021-06-18T04:10:11 EDT">
          <reporter-output>
          </reporter-output>
        </test-method> <!-- adminLogin -->
        <test-method status="PASS" signature="tearDown()[pri:0, instance:testcases.LoginTest@704a52ec]" name="tearDown" is-config="true" duration-ms="76" started-at="2021-06-18T04:10:12 EDT" finished-at="2021-06-18T04:10:12 EDT">
          <reporter-output>
          </reporter-output>
        </test-method> <!-- tearDown -->
      </class> <!-- testcases.LoginTest -->
    </test> <!-- Regression test -->
  </suite> <!-- All Test Suite -->
</testng-results>
