<?xml version="1.0" encoding="UTF-8"?>
<!-- Generated by org.testng.reporters.JUnitXMLReporter -->
<testsuite hostname="Joses-MacBook-Pro.local" ignored="3" name="Regression test" tests="1" failures="0" timestamp="2021-06-18T04:10:17 EDT" time="6.758" errors="0">
  <testcase name="adminLogin" time="2.188" classname="testcases.LoginTest"/>
  <testcase name="addMultipleEmployees" time="0.0" classname="testcases.AddEmployeeTest">
    <ignored/>
  </testcase> <!-- addMultipleEmployees -->
  <testcase name="invalidLoginErrorMessageValidation" time="0.0" classname="testcases.LoginTest">
    <ignored/>
  </testcase> <!-- invalidLoginErrorMessageValidation -->
  <testcase name="addEmployee" time="0.0" classname="testcases.AddEmployeeTest">
    <ignored/>
  </testcase> <!-- addEmployee -->
</testsuite> <!-- Regression test -->
